<?xml version="1.0" encoding="UTF-8"?>
<!-- Generated by org.testng.reporters.JUnitReportReporter -->
<testsuite skipped="0" hostname="sony-VAIO" name="EndToEndFramework.HomePage" tests="2" failures="0" timestamp="28 Jul 2020 15:28:59 GMT" time="42.383" errors="0">
  <testcase name="openURL" time="6.225" classname="EndToEndFramework.HomePage"/>
  <testcase name="openURL" time="36.158" classname="EndToEndFramework.HomePage"/>
</testsuite> <!-- EndToEndFramework.HomePage -->
