<?xml version="1.0" encoding="UTF-8"?>
<!-- Generated by org.testng.reporters.JUnitReportReporter -->
<testsuite skipped="2" hostname="sony-VAIO" name="EndToEndFramework.ValidateText" tests="3" failures="0" timestamp="2020-07-29T17:48:17 IST" time="0.017" errors="1">
  <testcase name="textcheck" time="0.000" classname="EndToEndFramework.ValidateText">
    <skipped/>
  </testcase> <!-- textcheck -->
  <testcase name="prerequiste" time="0.017" classname="EndToEndFramework.ValidateText">
    <error type="java.lang.NullPointerException">
      <![CDATA[java.lang.NullPointerException
at EndToEndFramework.base.driverInvoke(base.java:39)
at EndToEndFramework.ValidateText.prerequiste(ValidateText.java:26)
at sun.reflect.NativeMethodAccessorImpl.invoke0(Native Method)
at sun.reflect.NativeMethodAccessorImpl.invoke(NativeMethodAccessorImpl.java:62)
at sun.reflect.DelegatingMethodAccessorImpl.invoke(DelegatingMethodAccessorImpl.java:43)
at java.lang.reflect.Method.invoke(Method.java:498)
at org.testng.internal.MethodInvocationHelper.invokeMethod(MethodInvocationHelper.java:133)
at org.testng.internal.MethodInvocationHelper.invokeMethodConsideringTimeout(MethodInvocationHelper.java:62)
at org.testng.internal.ConfigInvoker.invokeConfigurationMethod(ConfigInvoker.java:340)
at org.testng.internal.ConfigInvoker.invokeConfigurations(ConfigInvoker.java:294)
at org.testng.TestRunner.invokeTestConfigurations(TestRunner.java:623)
at org.testng.TestRunner.beforeRun(TestRunner.java:613)
at org.testng.TestRunner.run(TestRunner.java:584)
at org.testng.SuiteRunner.runTest(SuiteRunner.java:402)
at org.testng.SuiteRunner.access$000(SuiteRunner.java:41)
at org.testng.SuiteRunner$SuiteWorker.run(SuiteRunner.java:443)
at org.testng.internal.thread.ThreadUtil.lambda$execute$0(ThreadUtil.java:67)
at java.util.concurrent.FutureTask.run(FutureTask.java:266)
at java.util.concurrent.ThreadPoolExecutor.runWorker(ThreadPoolExecutor.java:1142)
at java.util.concurrent.ThreadPoolExecutor$Worker.run(ThreadPoolExecutor.java:617)
at java.lang.Thread.run(Thread.java:748)
]]>
    </error>
  </testcase> <!-- prerequiste -->
  <testcase name="navigationtab" time="0.000" classname="EndToEndFramework.ValidateText">
    <skipped/>
  </testcase> <!-- navigationtab -->
</testsuite> <!-- EndToEndFramework.ValidateText -->
