<?xml version="1.0" encoding="UTF-8"?>
<!-- Generated by org.testng.reporters.JUnitReportReporter -->
<testsuite skipped="0" hostname="sony-VAIO" name="EndToEndFramework.HomePage" tests="2" failures="0" timestamp="2020-07-29T19:48:17 IST" time="32.664" errors="0">
  <testcase name="openURL" time="27.880" classname="EndToEndFramework.HomePage"/>
  <testcase name="openURL" time="4.784" classname="EndToEndFramework.HomePage"/>
</testsuite> <!-- EndToEndFramework.HomePage -->
